Filtered Planes/Library/Bee/Android/Prj/Mono2x/Gradle/launcher/build/intermediates/manifest_merge_blame_file/release/manifest-merger-blame-release-report.txt
1<?xml version="1.0" encoding="utf-8"?>
2<manifest xmlns:android="http://schemas.android.com/apk/res/android"
3    package="com.VSight.FilteredPlanes"
4    android:installLocation="preferExternal"
5    android:versionCode="1"
6    android:versionName="0.1" >
7
8    <uses-sdk
9        android:minSdkVersion="26"
9-->src\main\AndroidManifest.xml
10        android:targetSdkVersion="30" />
10-->src\main\AndroidManifest.xml
11
12    <supports-screens
12-->src\main\AndroidManifest.xml:3:3-163
13        android:anyDensity="true"
13-->src\main\AndroidManifest.xml:3:135-160
14        android:largeScreens="true"
14-->src\main\AndroidManifest.xml:3:78-105
15        android:normalScreens="true"
15-->src\main\AndroidManifest.xml:3:49-77
16        android:smallScreens="true"
16-->src\main\AndroidManifest.xml:3:21-48
17        android:xlargeScreens="true" />
17-->src\main\AndroidManifest.xml:3:106-134
18
19    <uses-feature android:glEsVersion="0x00030000" />
19-->[:unityLibrary] AndroidManifest.xml:12:5-54
19-->[:unityLibrary] AndroidManifest.xml:12:19-51
20
21    <uses-permission android:name="android.permission.INTERNET" />
21-->[:unityLibrary] AndroidManifest.xml:14:5-67
21-->[:unityLibrary] AndroidManifest.xml:14:22-64
22
23    <uses-feature
23-->[:unityLibrary] AndroidManifest.xml:16:5-18:36
24        android:name="android.hardware.sensor.accelerometer"
24-->[:unityLibrary] AndroidManifest.xml:17:9-61
25        android:required="false" />
25-->[:unityLibrary] AndroidManifest.xml:18:9-33
26    <uses-feature
26-->[:unityLibrary] AndroidManifest.xml:19:5-21:36
27        android:name="android.hardware.touchscreen"
27-->[:unityLibrary] AndroidManifest.xml:20:9-52
28        android:required="false" />
28-->[:unityLibrary] AndroidManifest.xml:21:9-33
29    <uses-feature
29-->[:unityLibrary] AndroidManifest.xml:22:5-24:36
30        android:name="android.hardware.touchscreen.multitouch"
30-->[:unityLibrary] AndroidManifest.xml:23:9-63
31        android:required="false" />
31-->[:unityLibrary] AndroidManifest.xml:24:9-33
32    <uses-feature
32-->[:unityLibrary] AndroidManifest.xml:25:5-27:36
33        android:name="android.hardware.touchscreen.multitouch.distinct"
33-->[:unityLibrary] AndroidManifest.xml:26:9-72
34        android:required="false" />
34-->[:unityLibrary] AndroidManifest.xml:27:9-33
35
36    <uses-permission android:name="android.permission.CAMERA" />
36-->[:unityLibrary] AndroidManifest.xml:29:5-65
36-->[:unityLibrary] AndroidManifest.xml:29:22-62
37
38    <uses-feature
38-->[:unityLibrary] AndroidManifest.xml:31:5-33:35
39        android:name="android.hardware.camera.ar"
39-->[:unityLibrary] AndroidManifest.xml:32:9-50
40        android:required="true" />
40-->[:unityLibrary] AndroidManifest.xml:33:9-32
41    <uses-feature
41-->[:unityLibrary] AndroidManifest.xml:34:5-36:35
42        android:name="com.google.ar.core.depth"
42-->[:unityLibrary] AndroidManifest.xml:35:9-48
43        android:required="true" />
43-->[:unityLibrary] AndroidManifest.xml:36:9-32
44
45    <queries>
45-->[:arcore_client:] AndroidManifest.xml:29:5-31:15
46        <package android:name="com.google.ar.core" />
46-->[:arcore_client:] AndroidManifest.xml:30:9-54
46-->[:arcore_client:] AndroidManifest.xml:30:18-51
47    </queries>
48
49    <application
49-->src\main\AndroidManifest.xml:4:3-83
50        android:extractNativeLibs="true"
50-->[:unityLibrary] AndroidManifest.xml:38:18-50
51        android:icon="@mipmap/app_icon"
51-->src\main\AndroidManifest.xml:4:49-80
52        android:label="@string/app_name" >
52-->src\main\AndroidManifest.xml:4:16-48
53        <activity
53-->[:unityLibrary] AndroidManifest.xml:39:9-59:20
54            android:name="com.unity3d.player.UnityPlayerActivity"
54-->[:unityLibrary] AndroidManifest.xml:40:13-66
55            android:configChanges="mcc|mnc|locale|touchscreen|keyboard|keyboardHidden|navigation|orientation|screenLayout|uiMode|screenSize|smallestScreenSize|fontScale|layoutDirection|density"
55-->[:unityLibrary] AndroidManifest.xml:41:13-194
56            android:hardwareAccelerated="false"
56-->[:unityLibrary] AndroidManifest.xml:42:13-48
57            android:launchMode="singleTask"
57-->[:unityLibrary] AndroidManifest.xml:43:13-44
58            android:resizeableActivity="false"
58-->[:unityLibrary] AndroidManifest.xml:44:13-47
59            android:screenOrientation="fullSensor"
59-->[:unityLibrary] AndroidManifest.xml:45:13-51
60            android:theme="@style/UnityThemeSelector" >
60-->[:unityLibrary] AndroidManifest.xml:46:13-54
61            <intent-filter>
61-->[:unityLibrary] AndroidManifest.xml:47:13-51:29
62                <action android:name="android.intent.action.MAIN" />
62-->[:unityLibrary] AndroidManifest.xml:48:17-69
62-->[:unityLibrary] AndroidManifest.xml:48:25-66
63
64                <category android:name="android.intent.category.LAUNCHER" />
64-->[:unityLibrary] AndroidManifest.xml:50:17-77
64-->[:unityLibrary] AndroidManifest.xml:50:27-74
65            </intent-filter>
66
67            <meta-data
67-->[:unityLibrary] AndroidManifest.xml:53:13-55:40
68                android:name="unityplayer.UnityActivity"
68-->[:unityLibrary] AndroidManifest.xml:54:17-57
69                android:value="true" />
69-->[:unityLibrary] AndroidManifest.xml:55:17-37
70            <meta-data
70-->[:unityLibrary] AndroidManifest.xml:56:13-58:40
71                android:name="android.notch_support"
71-->[:unityLibrary] AndroidManifest.xml:57:17-53
72                android:value="true" />
72-->[:unityLibrary] AndroidManifest.xml:58:17-37
73        </activity>
74
75        <meta-data
75-->[:unityLibrary] AndroidManifest.xml:61:9-63:33
76            android:name="unity.splash-mode"
76-->[:unityLibrary] AndroidManifest.xml:62:13-45
77            android:value="0" />
77-->[:unityLibrary] AndroidManifest.xml:63:13-30
78        <meta-data
78-->[:unityLibrary] AndroidManifest.xml:64:9-66:36
79            android:name="unity.splash-enable"
79-->[:unityLibrary] AndroidManifest.xml:65:13-47
80            android:value="True" />
80-->[:unityLibrary] AndroidManifest.xml:66:13-33
81        <meta-data
81-->[:unityLibrary] AndroidManifest.xml:67:9-69:36
82            android:name="unity.launch-fullscreen"
82-->[:unityLibrary] AndroidManifest.xml:68:13-51
83            android:value="True" />
83-->[:unityLibrary] AndroidManifest.xml:69:13-33
84        <meta-data
84-->[:unityLibrary] AndroidManifest.xml:70:9-72:37
85            android:name="unity.allow-resizable-window"
85-->[:unityLibrary] AndroidManifest.xml:71:13-56
86            android:value="False" />
86-->[:unityLibrary] AndroidManifest.xml:72:13-34
87        <meta-data
87-->[:unityLibrary] AndroidManifest.xml:73:9-75:50
88            android:name="notch.config"
88-->[:unityLibrary] AndroidManifest.xml:74:13-40
89            android:value="portrait|landscape" />
89-->[:unityLibrary] AndroidManifest.xml:75:13-47
90        <meta-data
90-->[:unityLibrary] AndroidManifest.xml:76:9-78:36
91            android:name="unityplayer.SkipPermissionsDialog"
91-->[:unityLibrary] AndroidManifest.xml:77:13-61
92            android:value="true" />
92-->[:unityLibrary] AndroidManifest.xml:78:13-33
93        <meta-data
93-->[:unityLibrary] AndroidManifest.xml:79:9-81:40
94            android:name="com.google.ar.core"
94-->[:unityLibrary] AndroidManifest.xml:80:13-46
95            android:value="required" /> <!-- The minimal version code of ARCore APK required for an app using this SDK. -->
95-->[:unityLibrary] AndroidManifest.xml:81:13-37
96        <meta-data
96-->[:arcore_client:] AndroidManifest.xml:36:9-38:41
97            android:name="com.google.ar.core.min_apk_version"
97-->[:arcore_client:] AndroidManifest.xml:37:13-62
98            android:value="210910000" /> <!-- This activity is critical for installing ARCore when it is not already present. -->
98-->[:arcore_client:] AndroidManifest.xml:38:13-38
99        <activity
99-->[:arcore_client:] AndroidManifest.xml:40:9-46:80
100            android:name="com.google.ar.core.InstallActivity"
100-->[:arcore_client:] AndroidManifest.xml:41:13-62
101            android:configChanges="keyboardHidden|orientation|screenSize"
101-->[:arcore_client:] AndroidManifest.xml:42:13-74
102            android:excludeFromRecents="true"
102-->[:arcore_client:] AndroidManifest.xml:43:13-46
103            android:exported="false"
103-->[:arcore_client:] AndroidManifest.xml:44:13-37
104            android:launchMode="singleTop"
104-->[:arcore_client:] AndroidManifest.xml:45:13-43
105            android:theme="@android:style/Theme.Material.Light.Dialog.Alert" />
105-->[:arcore_client:] AndroidManifest.xml:46:13-77
106    </application>
107
108</manifest>